Using pre-set license
Built from '2020.2/staging' branch; Version is '2020.2.7f1 (c53830e277f1) revision 12924976'; Using compiler version '192528614'; Build Type 'Release'
OS: 'Windows 10 Pro; OS build 19042.867; Version 2009; 64bit' Language: 'en' Physical Memory: 65446 MB
BatchMode: 1, IsHumanControllingUs: 0, StartBugReporterOnCrash: 0, Is64bit: 1, IsPro: 0

 COMMAND LINE ARGUMENTS:
C:\Program Files\Unity\Hub\Editor\2020.2.7f1\Editor\Unity.exe
-adb2
-batchMode
-noUpm
-name
AssetImportWorker0
-projectPath
V:/Portfolio/Projects/Lonely Robot
-logFile
Logs/AssetImportWorker0.log
-srvPort
58786
Successfully changed project path to: V:/Portfolio/Projects/Lonely Robot
V:/Portfolio/Projects/Lonely Robot
Using Asset Import Pipeline V2.
Refreshing native plugins compatible for Editor in 18.78 ms, found 0 plugins.
Preloading 0 native plugins for Editor in 0.00 ms.
Initialize engine version: 2020.2.7f1 (c53830e277f1)
[Subsystems] Discovering subsystems at path C:/Program Files/Unity/Hub/Editor/2020.2.7f1/Editor/Data/Resources/UnitySubsystems
[Subsystems] Discovering subsystems at path V:/Portfolio/Projects/Lonely Robot/Assets
GfxDevice: creating device client; threaded=0
Direct3D:
    Version:  Direct3D 11.0 [level 11.1]
    Renderer: NVIDIA GeForce RTX 2070 SUPER (ID=0x1e84)
    Vendor:   
    VRAM:     8011 MB
    Driver:   27.21.14.6172
Initialize mono
Mono path[0] = 'C:/Program Files/Unity/Hub/Editor/2020.2.7f1/Editor/Data/Managed'
Mono path[1] = 'C:/Program Files/Unity/Hub/Editor/2020.2.7f1/Editor/Data/MonoBleedingEdge/lib/mono/unityjit'
Mono config path = 'C:/Program Files/Unity/Hub/Editor/2020.2.7f1/Editor/Data/MonoBleedingEdge/etc'
Using monoOptions --debugger-agent=transport=dt_socket,embedding=1,server=y,suspend=n,address=127.0.0.1:56716
Begin MonoManager ReloadAssembly
Registering precompiled unity dll's ...
Register platform support module: C:/Program Files/Unity/Hub/Editor/2020.2.7f1/Editor/Data/PlaybackEngines/WebGLSupport/UnityEditor.WebGL.Extensions.dll
Register platform support module: C:/Program Files/Unity/Hub/Editor/2020.2.7f1/Editor/Data/PlaybackEngines/WindowsStandaloneSupport/UnityEditor.WindowsStandalone.Extensions.dll
Registered in 0.002348 seconds.
Native extension for WindowsStandalone target not found
Native extension for WebGL target not found
Refreshing native plugins compatible for Editor in 23.48 ms, found 0 plugins.
Preloading 0 native plugins for Editor in 0.00 ms.
Invoked RoslynAnalysisRunner static constructor.
RoslynAnalysisRunner will not be running.
RoslynAnalysisRunner has terminated.
Mono: successfully reloaded assembly
- Completed reload, in  1.700 seconds
Platform modules already initialized, skipping
Registering precompiled user dll's ...
Registered in 0.000397 seconds.
Begin MonoManager ReloadAssembly
Native extension for WindowsStandalone target not found
Native extension for WebGL target not found
Refreshing native plugins compatible for Editor in 0.26 ms, found 0 plugins.
Preloading 0 native plugins for Editor in 0.00 ms.
Invoked RoslynAnalysisRunner static constructor.
RoslynAnalysisRunner will not be running.
RoslynAnalysisRunner has terminated.
Mono: successfully reloaded assembly
- Completed reload, in  0.655 seconds
Platform modules already initialized, skipping
========================================================================
Worker process is ready to serve import requests
Launched and connected shader compiler UnityShaderCompiler.exe after 0.04 seconds
Refreshing native plugins compatible for Editor in 0.25 ms, found 0 plugins.
Preloading 0 native plugins for Editor in 0.00 ms.
Unloading 1113 Unused Serialized files (Serialized files now loaded: 0)
System memory in use before: 57.6 MB.
System memory in use after: 57.6 MB.

Unloading 9 unused Assets to reduce memory usage. Loaded Objects now: 1560.
Total: 2.221200 ms (FindLiveObjects: 0.167700 ms CreateObjectMapping: 0.027900 ms MarkObjects: 1.926300 ms  DeleteObjects: 0.097800 ms)

========================================================================
Received Import Request.
  path: Assets/Material/CartoonNight.mat
  artifactKey: Guid(39ff4ad0b4a015c40bec61b5c6500b90) Importer(815301076,1909f56bfc062723c751e8b465ee728b)
Start importing Assets/Material/CartoonNight.mat using Guid(39ff4ad0b4a015c40bec61b5c6500b90) Importer(815301076,1909f56bfc062723c751e8b465ee728b)  -> (artifact id: '8f5dcdbbd4280a4b0b563b408c308c2e') in 0.103072 seconds
  Import took 0.105150 seconds .

========================================================================
Received Import Request.
  Time since last request: 889.317877 seconds.
  path: Assets/Downloaded
  artifactKey: Guid(eb285672ee3ba244c89addb062be7b61) Importer(815301076,1909f56bfc062723c751e8b465ee728b)
Start importing Assets/Downloaded using Guid(eb285672ee3ba244c89addb062be7b61) Importer(815301076,1909f56bfc062723c751e8b465ee728b)  -> (artifact id: '04734f0018975f9673c58ce4da2cf3c8') in 0.003082 seconds
  Import took 0.005132 seconds .

========================================================================
Received Import Request.
  Time since last request: 5.317828 seconds.
  path: Assets/Downloaded/Moenen_Voxel_Collection
  artifactKey: Guid(9beacca0841e23c4b954e84b2a32e3e4) Importer(815301076,1909f56bfc062723c751e8b465ee728b)
Start importing Assets/Downloaded/Moenen_Voxel_Collection using Guid(9beacca0841e23c4b954e84b2a32e3e4) Importer(815301076,1909f56bfc062723c751e8b465ee728b)  -> (artifact id: '2baf509ce1db0d85a5383a72a3a14b02') in 0.003553 seconds
  Import took 0.005810 seconds .

========================================================================
Received Import Request.
  Time since last request: 0.654949 seconds.
  path: Assets/Downloaded/Moenen_Voxel_Collection/Vegetation
  artifactKey: Guid(60da7af79f1953e4c85c5f8e4dd99b5a) Importer(815301076,1909f56bfc062723c751e8b465ee728b)
Start importing Assets/Downloaded/Moenen_Voxel_Collection/Vegetation using Guid(60da7af79f1953e4c85c5f8e4dd99b5a) Importer(815301076,1909f56bfc062723c751e8b465ee728b)  -> (artifact id: '413822aada8eec818ab86fc4f87dc33c') in 0.003060 seconds
  Import took 0.005008 seconds .

